********************************************************************************
product = Open Liberty 19.0.0.6 (wlp-1.0.29.cl190620190617-1530)
wlp.install.dir = /Users/yunfanchen/Documents/GitHub/Liberty/start/target/liberty/wlp/
java.home = /Library/Java/JavaVirtualMachines/jdk-12.0.1.jdk/Contents/Home
java.version = 12.0.1
java.runtime = Java(TM) SE Runtime Environment (12.0.1+12)
os = Mac OS X (10.14.5; x86_64) (en_CN)
process = 62731@yunfanchens-mbp.cn.ibm.com
********************************************************************************
[7/5/19, 16:54:05:220 CST] 00000001 com.ibm.ws.kernel.launch.internal.FrameworkManager           A CWWKE0001I: The server GettingStartedServer has been launched.
[7/5/19, 16:54:07:003 CST] 00000001 com.ibm.ws.kernel.launch.internal.FrameworkManager           I CWWKE0002I: The kernel started after 2.003 seconds
[7/5/19, 16:54:07:080 CST] 0000001e com.ibm.ws.kernel.feature.internal.FeatureManager            I CWWKF0007I: Feature update started.
[7/5/19, 16:54:07:939 CST] 00000016 com.ibm.ws.security.ready.internal.SecurityReadyServiceImpl  I CWWKS0007I: The security service is starting...
[7/5/19, 16:54:08:146 CST] 00000016 com.ibm.ws.app.manager.internal.monitor.DropinMonitor        A CWWKZ0058I: Monitoring dropins for applications.
[7/5/19, 16:54:08:345 CST] 00000024 com.ibm.ws.tcpchannel.internal.TCPChannel                    I CWWKO0219I: TCP Channel defaultHttpEndpoint has been started and is now listening for requests on host *  (IPv6) port 9080.
[7/5/19, 16:54:08:470 CST] 00000016 com.ibm.ws.cache.ServerCache                                 I DYNA1001I: WebSphere Dynamic Cache instance named baseCache initialized successfully.
[7/5/19, 16:54:08:472 CST] 00000016 com.ibm.ws.cache.ServerCache                                 I DYNA1071I: The cache provider default is being used.
[7/5/19, 16:54:08:473 CST] 00000016 com.ibm.ws.cache.CacheServiceImpl                            I DYNA1056I: Dynamic Cache (object cache) initialized successfully.
[7/5/19, 16:54:08:548 CST] 00000018 com.ibm.ws.ssl.config.WSKeyStore                             I CWPKI0802I: Creating the SSL certificate. This may take a few seconds.
[7/5/19, 16:54:08:561 CST] 00000029 com.ibm.ws.security.token.ltpa.internal.LTPAKeyInfoManager   I CWWKS4103I: Creating the LTPA keys. This may take a few seconds.
[7/5/19, 16:54:08:585 CST] 00000016 ibm.ws.security.authentication.internal.jaas.JAASServiceImpl I CWWKS1123I: The collective authentication plugin with class name NullCollectiveAuthenticationPlugin has been activated. 
[7/5/19, 16:54:08:837 CST] 00000016 com.ibm.ws.session.WASSessionCore                            I SESN8501I: The session manager did not find a persistent storage location; HttpSession objects will be stored in the local application server's memory.
[7/5/19, 16:54:08:983 CST] 00000029 com.ibm.ws.security.token.ltpa.internal.LTPAKeyInfoManager   A CWWKS4104A: LTPA keys created in 0.421 seconds. LTPA key file: /Users/yunfanchen/Documents/GitHub/Liberty/start/target/liberty/wlp/usr/servers/GettingStartedServer/resources/security/ltpa.keys
[7/5/19, 16:54:08:988 CST] 00000029 com.ibm.ws.security.ready.internal.SecurityReadyServiceImpl  I CWWKS0008I: The security service is ready.
[7/5/19, 16:54:08:990 CST] 00000029 com.ibm.ws.security.token.ltpa.internal.LTPAKeyCreateTask    I CWWKS4105I: LTPA configuration is ready after 0.431 seconds.
[7/5/19, 16:54:09:351 CST] 00000031 com.ibm.ws.app.manager.AppMessageHelper                      I CWWKZ0018I: Starting application getting-started.
[7/5/19, 16:54:09:353 CST] 00000031 bm.ws.app.manager.war.internal.WARDeployedAppInfoFactoryImpl I CWWKZ0134I: The getting-started application is using the loose application definition at the /Users/yunfanchen/Documents/GitHub/Liberty/start/target/liberty/wlp/usr/servers/GettingStartedServer/apps/getting-started.war.xml location.
[7/5/19, 16:54:09:541 CST] 0000002f com.ibm.ws.webcontainer.osgi.webapp.WebGroup                 I SRVE0169I: Loading Web Module: ibm/api.
[7/5/19, 16:54:09:544 CST] 0000002f com.ibm.ws.webcontainer                                      I SRVE0250I: Web Module ibm/api has been bound to default_host.
[7/5/19, 16:54:09:541 CST] 00000030 com.ibm.ws.webcontainer.osgi.webapp.WebGroup                 I SRVE0169I: Loading Web Module: PrivateMicroProfileMetrics.
[7/5/19, 16:54:09:545 CST] 00000030 com.ibm.ws.webcontainer                                      I SRVE0250I: Web Module PrivateMicroProfileMetrics has been bound to default_host.
[7/5/19, 16:54:09:545 CST] 0000002f com.ibm.ws.http.internal.VirtualHostImpl                     A CWWKT0016I: Web application available (default_host): http://yunfanchens-mbp.cn.ibm.com:9080/ibm/api/
[7/5/19, 16:54:09:548 CST] 00000030 com.ibm.ws.http.internal.VirtualHostImpl                     A CWWKT0016I: Web application available (default_host): http://yunfanchens-mbp.cn.ibm.com:9080/metrics/
[7/5/19, 16:54:09:590 CST] 00000022 com.ibm.ws.session.WASSessionCore                            I SESN0176I: A new session context will be created for application key default_host/metrics
[7/5/19, 16:54:09:590 CST] 00000021 com.ibm.ws.session.WASSessionCore                            I SESN0176I: A new session context will be created for application key default_host/ibm/api
[7/5/19, 16:54:09:599 CST] 00000031 org.jboss.weld.Version                                       I WELD-000900: 3.1.1 (Final)
[7/5/19, 16:54:09:600 CST] 00000022 com.ibm.ws.util                                              I SESN0172I: The session manager is using the Java default SecureRandom implementation for session ID generation.
[7/5/19, 16:54:09:608 CST] 00000021 com.ibm.ws.util                                              I SESN0172I: The session manager is using the Java default SecureRandom implementation for session ID generation.
[7/5/19, 16:54:09:629 CST] 00000021 com.ibm.ws.cache.CacheServiceImpl                            I DYNA1056I: Dynamic Cache (object cache) initialized successfully.
[7/5/19, 16:54:09:688 CST] 00000022 com.ibm.ws.webcontainer.servlet                              I SRVE0242I: [com.ibm.ws.microprofile.metrics.private] [/metrics] [PrivateMetricsRESTProxyServlet]: Initialization successful.
[7/5/19, 16:54:09:742 CST] 00000024 com.ibm.ws.webcontainer.osgi.mbeans.PluginGenerator          I SRVE9103I: A configuration file for a web server plugin was automatically generated for this server at /Users/yunfanchen/Documents/GitHub/Liberty/start/target/liberty/wlp/usr/servers/GettingStartedServer/logs/state/plugin-cfg.xml.
[7/5/19, 16:54:09:916 CST] 00000018 com.ibm.ws.ssl.config.WSKeyStore                             A CWPKI0803A: SSL certificate created in 1.368 seconds. SSL key file: /Users/yunfanchen/Documents/GitHub/Liberty/start/target/liberty/wlp/usr/servers/GettingStartedServer/resources/security/key.p12
[7/5/19, 16:54:09:916 CST] 00000018 com.ibm.ws.ssl.config.WSKeyStore                             I Successfully loaded default keystore: /Users/yunfanchen/Documents/GitHub/Liberty/start/target/liberty/wlp/usr/servers/GettingStartedServer/resources/security/key.p12 of type: PKCS12
[7/5/19, 16:54:10:121 CST] 00000032 com.ibm.ws.tcpchannel.internal.TCPChannel                    I CWWKO0219I: TCP Channel defaultHttpEndpoint-ssl has been started and is now listening for requests on host *  (IPv6) port 9443.
[7/5/19, 16:54:10:169 CST] 00000031 com.ibm.ws.webcontainer.osgi.webapp.WebGroup                 I SRVE0169I: Loading Web Module: Liberty Project.
[7/5/19, 16:54:10:169 CST] 00000031 com.ibm.ws.webcontainer                                      I SRVE0250I: Web Module Liberty Project has been bound to default_host.
[7/5/19, 16:54:10:169 CST] 00000031 com.ibm.ws.http.internal.VirtualHostImpl                     A CWWKT0016I: Web application available (default_host): http://yunfanchens-mbp.cn.ibm.com:9080/
[7/5/19, 16:54:10:171 CST] 00000031 com.ibm.ws.app.manager.AppMessageHelper                      A CWWKZ0001I: Application getting-started started in 0.820 seconds.
[7/5/19, 16:54:10:172 CST] 0000002d com.ibm.ws.session.WASSessionCore                            I SESN0176I: A new session context will be created for application key default_host/
[7/5/19, 16:54:10:173 CST] 0000002d com.ibm.ws.util                                              I SESN0172I: The session manager is using the Java default SecureRandom implementation for session ID generation.
[7/5/19, 16:54:10:192 CST] 00000029 com.ibm.ws.webcontainer.osgi.mbeans.PluginGenerator          I SRVE9103I: A configuration file for a web server plugin was automatically generated for this server at /Users/yunfanchen/Documents/GitHub/Liberty/start/target/liberty/wlp/usr/servers/GettingStartedServer/logs/state/plugin-cfg.xml.
[7/5/19, 16:54:10:209 CST] 0000001e com.ibm.ws.kernel.feature.internal.FeatureManager            A CWWKF0012I: The server installed the following features: [cdi-2.0, distributedMap-1.0, jaxrs-2.1, jaxrsClient-2.1, jndi-1.0, json-1.0, jsonp-1.1, mpConfig-1.3, mpMetrics-1.1, servlet-4.0, ssl-1.0].
[7/5/19, 16:54:10:210 CST] 0000001e com.ibm.ws.kernel.feature.internal.FeatureManager            I CWWKF0008I: Feature update completed in 3.208 seconds.
[7/5/19, 16:54:10:210 CST] 0000001e com.ibm.ws.kernel.feature.internal.FeatureManager            A CWWKF0011I: The GettingStartedServer server is ready to run a smarter planet. The GettingStartedServer server started in 5.212 seconds.
[7/5/19, 16:54:11:455 CST] 00000033 .apache.cxf.cxf.core.3.2:1.0.29.cl190620190617-1530(id=175)] I Setting the server's publish address to be /system/
[7/5/19, 16:54:11:509 CST] 00000033 com.ibm.ws.webcontainer.servlet                              I SRVE0242I: [getting-started] [/] [io.openliberty.sample.system.SystemApplication]: Initialization successful.
[7/5/19, 16:54:12:312 CST] 00000013 com.ibm.ws.kernel.launch.internal.ServerCommandListener      A CWWKE0055I: Server shutdown requested on Friday, July 5, 2019 at 4:54 PM. The server GettingStartedServer is shutting down.
[7/5/19, 16:54:12:315 CST] 00000048 com.ibm.ws.runtime.update.internal.RuntimeUpdateManagerImpl  A CWWKE1100I: Waiting for up to 30 seconds for the server to quiesce.
[7/5/19, 16:54:12:321 CST] 00000040 com.ibm.ws.tcpchannel.internal.TCPChannel                    I CWWKO0220I: TCP Channel defaultHttpEndpoint-ssl has stopped listening for requests on host *  (IPv6) port 9443.
[7/5/19, 16:54:12:323 CST] 00000040 com.ibm.ws.tcpchannel.internal.TCPChannel                    I CWWKO0220I: TCP Channel defaultHttpEndpoint has stopped listening for requests on host *  (IPv6) port 9080.
[7/5/19, 16:54:12:323 CST] 00000040 com.ibm.ws.http.internal.VirtualHostImpl                     A CWWKT0017I: Web application removed (default_host): http://yunfanchens-mbp.cn.ibm.com:9080/metrics/
[7/5/19, 16:54:12:323 CST] 00000040 com.ibm.ws.http.internal.VirtualHostImpl                     A CWWKT0017I: Web application removed (default_host): http://yunfanchens-mbp.cn.ibm.com:9080/
[7/5/19, 16:54:12:324 CST] 00000040 com.ibm.ws.http.internal.VirtualHostImpl                     A CWWKT0017I: Web application removed (default_host): http://yunfanchens-mbp.cn.ibm.com:9080/ibm/api/
[7/5/19, 16:54:13:327 CST] 00000048 com.ibm.ws.runtime.update.internal.RuntimeUpdateManagerImpl  I CWWKE1101I: Server quiesce complete.
[7/5/19, 16:54:13:352 CST] 00000030 com.ibm.ws.webcontainer.servlet                              I SRVE0253I: [getting-started] [/] [io.openliberty.sample.system.SystemApplication]: Destroy successful.
[7/5/19, 16:54:13:363 CST] 00000030 com.ibm.ws.app.manager.AppMessageHelper                      A CWWKZ0009I: The application getting-started has stopped successfully.
[7/5/19, 16:54:13:376 CST] 00000048 com.ibm.ws.webcontainer.servlet                              I SRVE0253I: [com.ibm.ws.microprofile.metrics.private] [/metrics] [PrivateMetricsRESTProxyServlet]: Destroy successful.
[7/5/19, 16:54:13:461 CST] 00000048 ibm.ws.security.authentication.internal.jaas.JAASServiceImpl I CWWKS1124I: The collective authentication plugin with class name NullCollectiveAuthenticationPlugin has been deactivated. 
[7/5/19, 16:54:13:495 CST] 00000048 com.ibm.ws.security.ready.internal.SecurityReadyServiceImpl  I CWWKS0009I: The security service has stopped.
[7/5/19, 16:54:13:608 CST] 00000001 com.ibm.ws.kernel.launch.internal.FrameworkManager           A CWWKE0036I: The server GettingStartedServer stopped after 8.61 seconds.
