********************************************************************************
product = Open Liberty 19.0.0.6 (wlp-1.0.29.cl190620190617-1530)
wlp.install.dir = /Users/yunfanchen/Documents/GitHub/Liberty/start/target/liberty/wlp/
java.home = /Library/Java/JavaVirtualMachines/jdk-12.0.1.jdk/Contents/Home
java.version = 12.0.1
java.runtime = Java(TM) SE Runtime Environment (12.0.1+12)
os = Mac OS X (10.14.5; x86_64) (en_CN)
process = 62764@yunfanchens-mbp.cn.ibm.com
********************************************************************************
[7/5/19, 16:54:14:563 CST] 00000001 com.ibm.ws.kernel.launch.internal.FrameworkManager           A CWWKE0001I: The server GettingStartedServer has been launched.
[7/5/19, 16:54:15:300 CST] 00000001 com.ibm.ws.kernel.launch.internal.FrameworkManager           I CWWKE0002I: The kernel started after 0.929 seconds
[7/5/19, 16:54:15:318 CST] 0000001d com.ibm.ws.kernel.feature.internal.FeatureManager            I CWWKF0007I: Feature update started.
[7/5/19, 16:54:15:453 CST] 00000015 com.ibm.ws.security.ready.internal.SecurityReadyServiceImpl  I CWWKS0007I: The security service is starting...
[7/5/19, 16:54:15:656 CST] 00000015 com.ibm.ws.app.manager.internal.monitor.DropinMonitor        A CWWKZ0058I: Monitoring dropins for applications.
[7/5/19, 16:54:15:834 CST] 00000021 com.ibm.ws.tcpchannel.internal.TCPChannel                    I CWWKO0219I: TCP Channel defaultHttpEndpoint has been started and is now listening for requests on host *  (IPv6) port 9080.
[7/5/19, 16:54:15:951 CST] 00000015 com.ibm.ws.cache.ServerCache                                 I DYNA1001I: WebSphere Dynamic Cache instance named baseCache initialized successfully.
[7/5/19, 16:54:15:953 CST] 00000015 com.ibm.ws.cache.ServerCache                                 I DYNA1071I: The cache provider default is being used.
[7/5/19, 16:54:15:953 CST] 00000015 com.ibm.ws.cache.CacheServiceImpl                            I DYNA1056I: Dynamic Cache (object cache) initialized successfully.
[7/5/19, 16:54:16:069 CST] 00000026 com.ibm.ws.security.token.ltpa.internal.LTPAKeyCreateTask    I CWWKS4105I: LTPA configuration is ready after 0.020 seconds.
[7/5/19, 16:54:16:081 CST] 00000015 ibm.ws.security.authentication.internal.jaas.JAASServiceImpl I CWWKS1123I: The collective authentication plugin with class name NullCollectiveAuthenticationPlugin has been activated. 
[7/5/19, 16:54:16:208 CST] 00000015 com.ibm.ws.security.ready.internal.SecurityReadyServiceImpl  I CWWKS0008I: The security service is ready.
[7/5/19, 16:54:16:220 CST] 00000017 com.ibm.ws.ssl.config.WSKeyStore                             I Successfully loaded default keystore: /Users/yunfanchen/Documents/GitHub/Liberty/start/target/liberty/wlp/usr/servers/GettingStartedServer/resources/security/key.p12 of type: PKCS12
[7/5/19, 16:54:16:309 CST] 0000002b com.ibm.ws.tcpchannel.internal.TCPChannel                    I CWWKO0219I: TCP Channel defaultHttpEndpoint-ssl has been started and is now listening for requests on host *  (IPv6) port 9443.
[7/5/19, 16:54:16:333 CST] 00000015 com.ibm.ws.session.WASSessionCore                            I SESN8501I: The session manager did not find a persistent storage location; HttpSession objects will be stored in the local application server's memory.
[7/5/19, 16:54:16:768 CST] 00000032 com.ibm.ws.app.manager.AppMessageHelper                      I CWWKZ0018I: Starting application getting-started.
[7/5/19, 16:54:16:770 CST] 00000032 bm.ws.app.manager.war.internal.WARDeployedAppInfoFactoryImpl I CWWKZ0134I: The getting-started application is using the loose application definition at the /Users/yunfanchen/Documents/GitHub/Liberty/start/target/liberty/wlp/usr/servers/GettingStartedServer/apps/getting-started.war.xml location.
[7/5/19, 16:54:16:951 CST] 00000030 com.ibm.ws.webcontainer.osgi.webapp.WebGroup                 I SRVE0169I: Loading Web Module: ibm/api.
[7/5/19, 16:54:16:951 CST] 00000031 com.ibm.ws.webcontainer.osgi.webapp.WebGroup                 I SRVE0169I: Loading Web Module: PrivateMicroProfileMetrics.
[7/5/19, 16:54:16:953 CST] 00000030 com.ibm.ws.webcontainer                                      I SRVE0250I: Web Module ibm/api has been bound to default_host.
[7/5/19, 16:54:16:953 CST] 00000031 com.ibm.ws.webcontainer                                      I SRVE0250I: Web Module PrivateMicroProfileMetrics has been bound to default_host.
[7/5/19, 16:54:16:955 CST] 00000030 com.ibm.ws.http.internal.VirtualHostImpl                     A CWWKT0016I: Web application available (default_host): http://yunfanchens-mbp.cn.ibm.com:9080/ibm/api/
[7/5/19, 16:54:16:956 CST] 00000031 com.ibm.ws.http.internal.VirtualHostImpl                     A CWWKT0016I: Web application available (default_host): http://yunfanchens-mbp.cn.ibm.com:9080/metrics/
[7/5/19, 16:54:17:002 CST] 00000021 com.ibm.ws.session.WASSessionCore                            I SESN0176I: A new session context will be created for application key default_host/metrics
[7/5/19, 16:54:17:002 CST] 0000001f com.ibm.ws.session.WASSessionCore                            I SESN0176I: A new session context will be created for application key default_host/ibm/api
[7/5/19, 16:54:17:007 CST] 00000032 org.jboss.weld.Version                                       I WELD-000900: 3.1.1 (Final)
[7/5/19, 16:54:17:012 CST] 00000021 com.ibm.ws.util                                              I SESN0172I: The session manager is using the Java default SecureRandom implementation for session ID generation.
[7/5/19, 16:54:17:021 CST] 0000001f com.ibm.ws.util                                              I SESN0172I: The session manager is using the Java default SecureRandom implementation for session ID generation.
[7/5/19, 16:54:17:043 CST] 0000001f com.ibm.ws.cache.CacheServiceImpl                            I DYNA1056I: Dynamic Cache (object cache) initialized successfully.
[7/5/19, 16:54:17:111 CST] 00000021 com.ibm.ws.webcontainer.servlet                              I SRVE0242I: [com.ibm.ws.microprofile.metrics.private] [/metrics] [PrivateMetricsRESTProxyServlet]: Initialization successful.
[7/5/19, 16:54:17:185 CST] 00000026 com.ibm.ws.webcontainer.osgi.mbeans.PluginGenerator          I SRVE9103I: A configuration file for a web server plugin was automatically generated for this server at /Users/yunfanchen/Documents/GitHub/Liberty/start/target/liberty/wlp/usr/servers/GettingStartedServer/logs/state/plugin-cfg.xml.
[7/5/19, 16:54:17:577 CST] 00000032 com.ibm.ws.webcontainer.osgi.webapp.WebGroup                 I SRVE0169I: Loading Web Module: Liberty Project.
[7/5/19, 16:54:17:578 CST] 00000032 com.ibm.ws.webcontainer                                      I SRVE0250I: Web Module Liberty Project has been bound to default_host.
[7/5/19, 16:54:17:578 CST] 00000032 com.ibm.ws.http.internal.VirtualHostImpl                     A CWWKT0016I: Web application available (default_host): http://yunfanchens-mbp.cn.ibm.com:9080/
[7/5/19, 16:54:17:579 CST] 00000032 com.ibm.ws.app.manager.AppMessageHelper                      A CWWKZ0001I: Application getting-started started in 0.811 seconds.
[7/5/19, 16:54:17:580 CST] 00000034 com.ibm.ws.session.WASSessionCore                            I SESN0176I: A new session context will be created for application key default_host/
[7/5/19, 16:54:17:581 CST] 00000034 com.ibm.ws.util                                              I SESN0172I: The session manager is using the Java default SecureRandom implementation for session ID generation.
[7/5/19, 16:54:17:593 CST] 0000001d com.ibm.ws.kernel.feature.internal.FeatureManager            A CWWKF0012I: The server installed the following features: [cdi-2.0, distributedMap-1.0, jaxrs-2.1, jaxrsClient-2.1, jndi-1.0, json-1.0, jsonp-1.1, mpConfig-1.3, mpMetrics-1.1, servlet-4.0, ssl-1.0].
[7/5/19, 16:54:17:594 CST] 0000001d com.ibm.ws.kernel.feature.internal.FeatureManager            I CWWKF0008I: Feature update completed in 2.293 seconds.
[7/5/19, 16:54:17:594 CST] 0000001d com.ibm.ws.kernel.feature.internal.FeatureManager            A CWWKF0011I: The GettingStartedServer server is ready to run a smarter planet. The GettingStartedServer server started in 3.225 seconds.
[7/5/19, 16:54:17:601 CST] 00000026 com.ibm.ws.webcontainer.osgi.mbeans.PluginGenerator          I SRVE9103I: A configuration file for a web server plugin was automatically generated for this server at /Users/yunfanchen/Documents/GitHub/Liberty/start/target/liberty/wlp/usr/servers/GettingStartedServer/logs/state/plugin-cfg.xml.
[7/5/19, 16:55:34:996 CST] 000000a5 com.ibm.ws.webcontainer.extension                            W SRVE0190E: File not found: /health
[7/5/19, 16:55:35:091 CST] 000000a2 .apache.cxf.cxf.core.3.2:1.0.29.cl190620190617-1530(id=175)] I Setting the server's publish address to be /system/
[7/5/19, 16:55:35:136 CST] 000000a2 com.ibm.ws.webcontainer.servlet                              I SRVE0242I: [getting-started] [/] [io.openliberty.sample.system.SystemApplication]: Initialization successful.
[7/5/19, 16:55:35:270 CST] 00000064 .apache.cxf.cxf.core.3.2:1.0.29.cl190620190617-1530(id=175)] I Setting the server's publish address to be /metricsOverHTTP/
[7/5/19, 16:55:35:275 CST] 00000064 com.ibm.ws.webcontainer.servlet                              I SRVE0242I: [getting-started] [/] [io.openliberty.sample.metrics.MetricsOverHTTPApplication]: Initialization successful.
[7/5/19, 16:55:35:298 CST] 00000064 .apache.cxf.cxf.core.3.2:1.0.29.cl190620190617-1530(id=175)] I Aries Blueprint packages not available. So namespaces will not be registered
