Launching GettingStartedServer (Open Liberty 19.0.0.6/wlp-1.0.29.cl190620190617-1530) on Java HotSpot(TM) 64-Bit Server VM, version 12.0.1+12 (en_CN)
[AUDIT   ] CWWKE0001I: The server GettingStartedServer has been launched.
[AUDIT   ] CWWKZ0058I: Monitoring dropins for applications.
[AUDIT   ] CWWKS4104A: LTPA keys created in 0.700 seconds. LTPA key file: /Users/yunfanchen/Documents/GitHub/Liberty/finish/target/liberty/wlp/usr/servers/GettingStartedServer/resources/security/ltpa.keys
[AUDIT   ] CWWKT0016I: Web application available (default_host): http://yunfanchens-mbp.cn.ibm.com:9080/metrics/
[AUDIT   ] CWWKT0016I: Web application available (default_host): http://yunfanchens-mbp.cn.ibm.com:9080/ibm/api/
[AUDIT   ] CWWKT0016I: Web application available (default_host): http://yunfanchens-mbp.cn.ibm.com:9080/health/
[AUDIT   ] CWWKT0016I: Web application available (default_host): http://yunfanchens-mbp.cn.ibm.com:9080/
[AUDIT   ] CWWKZ0001I: Application getting-started started in 0.923 seconds.
[AUDIT   ] CWWKF0012I: The server installed the following features: [cdi-2.0, distributedMap-1.0, jaxrs-2.1, jaxrsClient-2.1, jndi-1.0, json-1.0, jsonp-1.1, mpConfig-1.3, mpHealth-1.0, mpMetrics-1.1, servlet-4.0, ssl-1.0].
[AUDIT   ] CWWKF0011I: The GettingStartedServer server is ready to run a smarter planet. The GettingStartedServer server started in 6.240 seconds.
[AUDIT   ] CWPKI0803A: SSL certificate created in 3.041 seconds. SSL key file: /Users/yunfanchen/Documents/GitHub/Liberty/finish/target/liberty/wlp/usr/servers/GettingStartedServer/resources/security/key.p12
[AUDIT   ] CWWKE0055I: Server shutdown requested on Friday, July 5, 2019 at 3:05 PM. The server GettingStartedServer is shutting down.
[AUDIT   ] CWWKE1100I: Waiting for up to 30 seconds for the server to quiesce.
[AUDIT   ] CWWKT0017I: Web application removed (default_host): http://yunfanchens-mbp.cn.ibm.com:9080/metrics/
[AUDIT   ] CWWKT0017I: Web application removed (default_host): http://yunfanchens-mbp.cn.ibm.com:9080/health/
[AUDIT   ] CWWKT0017I: Web application removed (default_host): http://yunfanchens-mbp.cn.ibm.com:9080/
[AUDIT   ] CWWKT0017I: Web application removed (default_host): http://yunfanchens-mbp.cn.ibm.com:9080/ibm/api/
[AUDIT   ] CWWKZ0009I: The application getting-started has stopped successfully.
[AUDIT   ] CWWKE0036I: The server GettingStartedServer stopped after 13.487 seconds.
