********************************************************************************
product = Open Liberty 19.0.0.6 (wlp-1.0.29.cl190620190617-1530)
wlp.install.dir = /Users/yunfanchen/Documents/GitHub/Liberty/finish/target/liberty/wlp/
java.home = /Library/Java/JavaVirtualMachines/jdk-12.0.1.jdk/Contents/Home
java.version = 12.0.1
java.runtime = Java(TM) SE Runtime Environment (12.0.1+12)
os = Mac OS X (10.14.5; x86_64) (en_CN)
process = 61233@yunfanchens-mbp.cn.ibm.com
********************************************************************************
[7/5/19, 15:05:14:866 CST] 00000001 com.ibm.ws.kernel.launch.internal.FrameworkManager           A CWWKE0001I: The server GettingStartedServer has been launched.
[7/5/19, 15:05:15:404 CST] 00000017 com.ibm.ws.logging.internal.TraceSpecification               I TRAS0018I: The trace state has been changed. The new trace state is *=info:com.ibm.ws.microprofile.health.*=all.
[7/5/19, 15:05:15:668 CST] 00000001 com.ibm.ws.kernel.launch.internal.FrameworkManager           I CWWKE0002I: The kernel started after 1.006 seconds
[7/5/19, 15:05:15:686 CST] 0000001d com.ibm.ws.kernel.feature.internal.FeatureManager            I CWWKF0007I: Feature update started.
[7/5/19, 15:05:15:846 CST] 00000015 com.ibm.ws.security.ready.internal.SecurityReadyServiceImpl  I CWWKS0007I: The security service is starting...
[7/5/19, 15:05:16:090 CST] 00000015 com.ibm.ws.app.manager.internal.monitor.DropinMonitor        A CWWKZ0058I: Monitoring dropins for applications.
[7/5/19, 15:05:16:310 CST] 00000022 com.ibm.ws.tcpchannel.internal.TCPChannel                    I CWWKO0219I: TCP Channel defaultHttpEndpoint has been started and is now listening for requests on host *  (IPv6) port 9080.
[7/5/19, 15:05:16:453 CST] 00000015 com.ibm.ws.cache.ServerCache                                 I DYNA1001I: WebSphere Dynamic Cache instance named baseCache initialized successfully.
[7/5/19, 15:05:16:455 CST] 00000015 com.ibm.ws.cache.ServerCache                                 I DYNA1071I: The cache provider default is being used.
[7/5/19, 15:05:16:456 CST] 00000015 com.ibm.ws.cache.CacheServiceImpl                            I DYNA1056I: Dynamic Cache (object cache) initialized successfully.
[7/5/19, 15:05:16:575 CST] 00000026 com.ibm.ws.security.token.ltpa.internal.LTPAKeyCreateTask    I CWWKS4105I: LTPA configuration is ready after 0.020 seconds.
[7/5/19, 15:05:16:592 CST] 00000015 ibm.ws.security.authentication.internal.jaas.JAASServiceImpl I CWWKS1123I: The collective authentication plugin with class name NullCollectiveAuthenticationPlugin has been activated. 
[7/5/19, 15:05:16:708 CST] 00000017 com.ibm.ws.ssl.config.WSKeyStore                             I Successfully loaded default keystore: /Users/yunfanchen/Documents/GitHub/Liberty/finish/target/liberty/wlp/usr/servers/GettingStartedServer/resources/security/key.p12 of type: PKCS12
[7/5/19, 15:05:16:743 CST] 00000015 com.ibm.ws.security.ready.internal.SecurityReadyServiceImpl  I CWWKS0008I: The security service is ready.
[7/5/19, 15:05:16:811 CST] 0000002b com.ibm.ws.tcpchannel.internal.TCPChannel                    I CWWKO0219I: TCP Channel defaultHttpEndpoint-ssl has been started and is now listening for requests on host *  (IPv6) port 9443.
[7/5/19, 15:05:16:888 CST] 00000015 com.ibm.ws.session.WASSessionCore                            I SESN8501I: The session manager did not find a persistent storage location; HttpSession objects will be stored in the local application server's memory.
[7/5/19, 15:05:17:455 CST] 00000033 com.ibm.ws.app.manager.AppMessageHelper                      I CWWKZ0018I: Starting application getting-started.
[7/5/19, 15:05:17:457 CST] 00000033 bm.ws.app.manager.war.internal.WARDeployedAppInfoFactoryImpl I CWWKZ0134I: The getting-started application is using the loose application definition at the /Users/yunfanchen/Documents/GitHub/Liberty/finish/target/liberty/wlp/usr/servers/GettingStartedServer/apps/getting-started.war.xml location.
[7/5/19, 15:05:17:658 CST] 00000030 com.ibm.ws.webcontainer.osgi.webapp.WebGroup                 I SRVE0169I: Loading Web Module: ibm/api.
[7/5/19, 15:05:17:655 CST] 00000031 com.ibm.ws.webcontainer.osgi.webapp.WebGroup                 I SRVE0169I: Loading Web Module: PrivateMicroProfileMetrics.
[7/5/19, 15:05:17:658 CST] 00000032 com.ibm.ws.webcontainer.osgi.webapp.WebGroup                 I SRVE0169I: Loading Web Module: health.
[7/5/19, 15:05:17:659 CST] 00000032 com.ibm.ws.webcontainer                                      I SRVE0250I: Web Module health has been bound to default_host.
[7/5/19, 15:05:17:659 CST] 00000030 com.ibm.ws.webcontainer                                      I SRVE0250I: Web Module ibm/api has been bound to default_host.
[7/5/19, 15:05:17:659 CST] 00000031 com.ibm.ws.webcontainer                                      I SRVE0250I: Web Module PrivateMicroProfileMetrics has been bound to default_host.
[7/5/19, 15:05:17:660 CST] 00000032 com.ibm.ws.http.internal.VirtualHostImpl                     A CWWKT0016I: Web application available (default_host): http://yunfanchens-mbp.cn.ibm.com:9080/health/
[7/5/19, 15:05:17:663 CST] 00000031 com.ibm.ws.http.internal.VirtualHostImpl                     A CWWKT0016I: Web application available (default_host): http://yunfanchens-mbp.cn.ibm.com:9080/metrics/
[7/5/19, 15:05:17:663 CST] 00000030 com.ibm.ws.http.internal.VirtualHostImpl                     A CWWKT0016I: Web application available (default_host): http://yunfanchens-mbp.cn.ibm.com:9080/ibm/api/
[7/5/19, 15:05:17:709 CST] 00000026 com.ibm.ws.session.WASSessionCore                            I SESN0176I: A new session context will be created for application key default_host/health
[7/5/19, 15:05:17:709 CST] 0000002a com.ibm.ws.session.WASSessionCore                            I SESN0176I: A new session context will be created for application key default_host/ibm/api
[7/5/19, 15:05:17:709 CST] 00000029 com.ibm.ws.session.WASSessionCore                            I SESN0176I: A new session context will be created for application key default_host/metrics
[7/5/19, 15:05:17:719 CST] 00000026 com.ibm.ws.util                                              I SESN0172I: The session manager is using the Java default SecureRandom implementation for session ID generation.
[7/5/19, 15:05:17:719 CST] 00000033 org.jboss.weld.Version                                       I WELD-000900: 3.1.1 (Final)
[7/5/19, 15:05:17:727 CST] 00000029 com.ibm.ws.util                                              I SESN0172I: The session manager is using the Java default SecureRandom implementation for session ID generation.
[7/5/19, 15:05:17:728 CST] 0000002a com.ibm.ws.util                                              I SESN0172I: The session manager is using the Java default SecureRandom implementation for session ID generation.
[7/5/19, 15:05:17:743 CST] 00000026 com.ibm.ws.cache.CacheServiceImpl                            I DYNA1056I: Dynamic Cache (object cache) initialized successfully.
[7/5/19, 15:05:17:866 CST] 00000029 com.ibm.ws.webcontainer.servlet                              I SRVE0242I: [com.ibm.ws.microprofile.metrics.private] [/metrics] [PrivateMetricsRESTProxyServlet]: Initialization successful.
[7/5/19, 15:05:17:912 CST] 0000002b com.ibm.ws.webcontainer.osgi.mbeans.PluginGenerator          I SRVE9103I: A configuration file for a web server plugin was automatically generated for this server at /Users/yunfanchen/Documents/GitHub/Liberty/finish/target/liberty/wlp/usr/servers/GettingStartedServer/logs/state/plugin-cfg.xml.
[7/5/19, 15:05:18:354 CST] 00000033 com.ibm.ws.webcontainer.osgi.webapp.WebGroup                 I SRVE0169I: Loading Web Module: Liberty Project.
[7/5/19, 15:05:18:354 CST] 00000033 com.ibm.ws.webcontainer                                      I SRVE0250I: Web Module Liberty Project has been bound to default_host.
[7/5/19, 15:05:18:355 CST] 00000033 com.ibm.ws.http.internal.VirtualHostImpl                     A CWWKT0016I: Web application available (default_host): http://yunfanchens-mbp.cn.ibm.com:9080/
[7/5/19, 15:05:18:356 CST] 00000033 com.ibm.ws.app.manager.AppMessageHelper                      A CWWKZ0001I: Application getting-started started in 0.901 seconds.
[7/5/19, 15:05:18:357 CST] 00000031 com.ibm.ws.session.WASSessionCore                            I SESN0176I: A new session context will be created for application key default_host/
[7/5/19, 15:05:18:357 CST] 00000031 com.ibm.ws.util                                              I SESN0172I: The session manager is using the Java default SecureRandom implementation for session ID generation.
[7/5/19, 15:05:18:445 CST] 00000026 com.ibm.ws.webcontainer.osgi.mbeans.PluginGenerator          I SRVE9103I: A configuration file for a web server plugin was automatically generated for this server at /Users/yunfanchen/Documents/GitHub/Liberty/finish/target/liberty/wlp/usr/servers/GettingStartedServer/logs/state/plugin-cfg.xml.
[7/5/19, 15:05:18:451 CST] 0000001d com.ibm.ws.kernel.feature.internal.FeatureManager            A CWWKF0012I: The server installed the following features: [cdi-2.0, distributedMap-1.0, jaxrs-2.1, jaxrsClient-2.1, jndi-1.0, json-1.0, jsonp-1.1, mpConfig-1.3, mpHealth-1.0, mpMetrics-1.1, servlet-4.0, ssl-1.0].
[7/5/19, 15:05:18:452 CST] 0000001d com.ibm.ws.kernel.feature.internal.FeatureManager            I CWWKF0008I: Feature update completed in 2.786 seconds.
[7/5/19, 15:05:18:452 CST] 0000001d com.ibm.ws.kernel.feature.internal.FeatureManager            A CWWKF0011I: The GettingStartedServer server is ready to run a smarter planet. The GettingStartedServer server started in 3.794 seconds.
[7/5/19, 15:06:22:824 CST] 000000a5 com.ibm.ws.webcontainer.servlet                              I SRVE0242I: [com.ibm.ws.microprofile.health] [/health] [HealthCheckServlet]: Initialization successful.
[7/5/19, 15:06:23:169 CST] 0000004a .apache.cxf.cxf.core.3.2:1.0.29.cl190620190617-1530(id=178)] I Setting the server's publish address to be /system/
[7/5/19, 15:06:23:357 CST] 0000004a com.ibm.ws.webcontainer.servlet                              I SRVE0242I: [getting-started] [/] [io.openliberty.sample.system.SystemApplication]: Initialization successful.
[7/5/19, 15:06:23:546 CST] 00000097 .apache.cxf.cxf.core.3.2:1.0.29.cl190620190617-1530(id=178)] I Setting the server's publish address to be /metricsOverHTTP/
[7/5/19, 15:06:23:551 CST] 00000097 com.ibm.ws.webcontainer.servlet                              I SRVE0242I: [getting-started] [/] [io.openliberty.sample.metrics.MetricsOverHTTPApplication]: Initialization successful.
[7/5/19, 15:06:23:578 CST] 00000097 .apache.cxf.cxf.core.3.2:1.0.29.cl190620190617-1530(id=178)] I Aries Blueprint packages not available. So namespaces will not be registered
